<?xml version="1.0" encoding="UTF-8"?>
<!-- Generated by org.testng.reporters.JUnitXMLReporter -->
<testsuite ignored="1" hostname="DESKTOP-ADHBMR5" failures="3" tests="11" name="Test" time="30.924" errors="0" timestamp="2022-06-16T21:26:30 IST">
  <testcase classname="com.crm.practise.TestNGTest.DataProviderUseThreeDataTest" name="bankTransaction" time="0.008"/>
  <testcase classname="com.crm.practise.TestNGTest.DataProviderUseThreeDataTest" name="bankTransaction" time="0.002"/>
  <testcase classname="com.crm.practise.TestNGTest.DataProviderUseThreeDataTest" name="bankTransaction" time="0.002"/>
  <testcase classname="com.crm.vTiger.TestNG.CreateContactGroupAsSupport" name="createContactGroupAsSupport" time="14.353">
    <failure type="java.lang.AssertionError" message="null">
      <![CDATA[java.lang.AssertionError: null
at com.crm.vTiger.TestNG.CreateContactGroupAsSupport.createContactGroupAsSupport(CreateContactGroupAsSupport.java:135)
at java.base/java.util.ArrayList.forEach(ArrayList.java:1511)
... Removed 29 stack frames]]>
    </failure>
  </testcase> <!-- createContactGroupAsSupport -->
  <testcase classname="com.crm.vTiger.TestNG.AnimalSize" name="antTest" time="0.002"/>
  <testcase classname="com.crm.vTiger.TestNG.AnimalSize" name="zebraTest" time="0.002"/>
  <testcase classname="com.crm.vTiger.TestNG.AnimalSize" name="elephantTest" time="0.007">
    <skipped/>
  </testcase> <!-- elephantTest -->
  <testcase classname="com.crm.vTiger.TestNG.AnimalSize" name="elephantTest" time="0.004">
    <skipped/>
  </testcase> <!-- elephantTest -->
  <testcase classname="com.crm.vTiger.TestNG.AnimalSize" name="elephantTest" time="0.002">
    <skipped/>
  </testcase> <!-- elephantTest -->
  <testcase classname="com.crm.vTiger.TestNG.AnimalSize" name="elephantTest" time="0.001">
    <failure type="java.lang.AssertionError">
      <![CDATA[java.lang.AssertionError
at org.junit.Assert.fail(Assert.java:87)
at org.junit.Assert.fail(Assert.java:96)
at com.crm.vTiger.TestNG.AnimalSize.elephantTest(AnimalSize.java:18)
at java.base/java.util.ArrayList.forEach(ArrayList.java:1511)
... Removed 27 stack frames]]>
    </failure>
  </testcase> <!-- elephantTest -->
  <testcase classname="com.crm.vTiger.TestNG.AnimalSize" name="elephantTest" time="0.132">
    <failure type="org.openqa.selenium.NoSuchSessionException" message="invalid session id
Build info: version: &amp;apos;3.141.5&amp;apos;, revision: &amp;apos;d54ebd709a&amp;apos;, time: &amp;apos;2018-11-06T11:42:16&amp;apos;
System info: host: &amp;apos;DESKTOP-ADHBMR5&amp;apos;, ip: &amp;apos;192.168.112.1&amp;apos;, os.name: &amp;apos;Windows 10&amp;apos;, os.arch: &amp;apos;amd64&amp;apos;, os.version: &amp;apos;10.0&amp;apos;, java.version: &amp;apos;16.0.1&amp;apos;
Driver info: org.openqa.selenium.chrome.ChromeDriver
Capabilities {acceptInsecureCerts: false, browserName: chrome, browserVersion: 102.0.5005.115, chrome: {chromedriverVersion: 102.0.5005.61 (0e59bcc00cc4..., userDataDir: C:\Users\abhishek\AppData\L...}, goog:chromeOptions: {debuggerAddress: localhost:56717}, javascriptEnabled: true, networkConnectionEnabled: false, pageLoadStrategy: normal, platform: WINDOWS, platformName: WINDOWS, proxy: Proxy(), setWindowRect: true, strictFileInteractability: false, timeouts: {implicit: 0, pageLoad: 300000, script: 30000}, unhandledPromptBehavior: dismiss and notify, webauthn:extension:credBlob: true, webauthn:extension:largeBlob: true, webauthn:virtualAuthenticators: true}
Session ID: 6f248872c4b47d420eaceb72e5691450">
      <![CDATA[org.openqa.selenium.NoSuchSessionException: invalid session id
Build info: version: '3.141.5', revision: 'd54ebd709a', time: '2018-11-06T11:42:16'
System info: host: 'DESKTOP-ADHBMR5', ip: '192.168.112.1', os.name: 'Windows 10', os.arch: 'amd64', os.version: '10.0', java.version: '16.0.1'
Driver info: org.openqa.selenium.chrome.ChromeDriver
Capabilities {acceptInsecureCerts: false, browserName: chrome, browserVersion: 102.0.5005.115, chrome: {chromedriverVersion: 102.0.5005.61 (0e59bcc00cc4..., userDataDir: C:\Users\abhishek\AppData\L...}, goog:chromeOptions: {debuggerAddress: localhost:56717}, javascriptEnabled: true, networkConnectionEnabled: false, pageLoadStrategy: normal, platform: WINDOWS, platformName: WINDOWS, proxy: Proxy(), setWindowRect: true, strictFileInteractability: false, timeouts: {implicit: 0, pageLoad: 300000, script: 30000}, unhandledPromptBehavior: dismiss and notify, webauthn:extension:credBlob: true, webauthn:extension:largeBlob: true, webauthn:virtualAuthenticators: true}
Session ID: 6f248872c4b47d420eaceb72e5691450
at org.openqa.selenium.remote.http.W3CHttpResponseCodec.createException(W3CHttpResponseCodec.java:187)
at org.openqa.selenium.remote.http.W3CHttpResponseCodec.decode(W3CHttpResponseCodec.java:122)
at org.openqa.selenium.remote.http.W3CHttpResponseCodec.decode(W3CHttpResponseCodec.java:49)
at org.openqa.selenium.remote.HttpCommandExecutor.execute(HttpCommandExecutor.java:158)
at org.openqa.selenium.remote.service.DriverCommandExecutor.execute(DriverCommandExecutor.java:83)
at org.openqa.selenium.remote.RemoteWebDriver.execute(RemoteWebDriver.java:552)
at org.openqa.selenium.remote.RemoteWebDriver.execute(RemoteWebDriver.java:609)
at org.openqa.selenium.remote.RemoteWebDriver.getScreenshotAs(RemoteWebDriver.java:295)
at org.openqa.selenium.support.events.EventFiringWebDriver.lambda$new$1(EventFiringWebDriver.java:105)
at jdk.proxy2/jdk.proxy2.$Proxy19.getScreenshotAs(Unknown Source)
at org.openqa.selenium.support.events.EventFiringWebDriver.getScreenshotAs(EventFiringWebDriver.java:302)
at com.crm.comcast.genericUtilities.ItestListner.onTestFailure(ItestListner.java:33)
at java.base/java.util.ArrayList.forEach(ArrayList.java:1511)
... Removed 33 stack frames]]>
    </failure>
  </testcase> <!-- elephantTest -->
  <testcase classname="com.crm.practise.TestNGTest.ReaddataTest" name="ticketBooking" time="0.0">
    <ignored/>
  </testcase> <!-- ticketBooking -->
</testsuite> <!-- Test -->
